# JRE version: OpenJDK Runtime Environment (11.0.13) (build 11.0.13+0-b1751.21-8125866)
# Java VM: OpenJDK 64-Bit Server VM (11.0.13+0-b1751.21-8125866, mixed mode, tiered, compressed oops, g1 gc, windows-amd64)
Heap:
 garbage-first heap   total 534528K, used 236544K [0x0000000080000000, 0x0000000100000000)
  region size 1024K, 4 young (4096K), 4 survivors (4096K)
 Metaspace       used 119160K, capacity 122283K, committed 122416K, reserved 1155072K
  class space    used 14842K, capacity 16010K, committed 16128K, reserved 1048576K
GC Heap History (20 events):
Event: 47.194 GC heap after
{Heap after GC invocations=29 (full 0):
 garbage-first heap   total 303104K, used 154441K [0x0000000080000000, 0x0000000100000000)
  region size 1024K, 2 young (2048K), 2 survivors (2048K)
 Metaspace       used 108993K, capacity 111842K, committed 112176K, reserved 1146880K
  class space    used 13426K, capacity 14519K, committed 14592K, reserved 1048576K
}
Event: 47.792 GC heap before
{Heap before GC invocations=29 (full 0):
 garbage-first heap   total 303104K, used 243529K [0x0000000080000000, 0x0000000100000000)
  region size 1024K, 90 young (92160K), 2 survivors (2048K)
 Metaspace       used 111294K, capacity 114133K, committed 114480K, reserved 1148928K
  class space    used 13649K, capacity 14746K, committed 14848K, reserved 1048576K
}
Event: 47.803 GC heap after
{Heap after GC invocations=30 (full 0):
 garbage-first heap   total 303104K, used 159354K [0x0000000080000000, 0x0000000100000000)
  region size 1024K, 7 young (7168K), 7 survivors (7168K)
 Metaspace       used 111294K, capacity 114133K, committed 114480K, reserved 1148928K
  class space    used 13649K, capacity 14746K, committed 14848K, reserved 1048576K
}
Event: 48.473 GC heap before
{Heap before GC invocations=31 (full 0):
 garbage-first heap   total 303104K, used 234590K [0x0000000080000000, 0x0000000100000000)
  region size 1024K, 92 young (94208K), 7 survivors (7168K)
 Metaspace       used 113394K, capacity 116258K, committed 116400K, reserved 1150976K
  class space    used 13867K, capacity 14933K, committed 14976K, reserved 1048576K
}
Event: 48.487 GC heap after
{Heap after GC invocations=32 (full 0):
 garbage-first heap   total 303104K, used 154771K [0x0000000080000000, 0x0000000100000000)
  region size 1024K, 12 young (12288K), 12 survivors (12288K)
 Metaspace       used 113394K, capacity 116258K, committed 116400K, reserved 1150976K
  class space    used 13867K, capacity 14933K, committed 14976K, reserved 1048576K
}
Event: 48.491 GC heap before
{Heap before GC invocations=32 (full 0):
 garbage-first heap   total 303104K, used 156819K [0x0000000080000000, 0x0000000100000000)
  region size 1024K, 14 young (14336K), 12 survivors (12288K)
 Metaspace       used 113400K, capacity 116290K, committed 116400K, reserved 1150976K
  class space    used 13868K, capacity 14965K, committed 14976K, reserved 1048576K
}
Event: 48.503 GC heap after
{Heap after GC invocations=33 (full 0):
 garbage-first heap   total 303104K, used 128939K [0x0000000080000000, 0x0000000100000000)
  region size 1024K, 2 young (2048K), 2 survivors (2048K)
 Metaspace       used 113400K, capacity 116290K, committed 116400K, reserved 1150976K
  class space    used 13868K, capacity 14965K, committed 14976K, reserved 1048576K
}
Event: 48.536 GC heap before
{Heap before GC invocations=33 (full 0):
 garbage-first heap   total 303104K, used 147371K [0x0000000080000000, 0x0000000100000000)
  region size 1024K, 13 young (13312K), 2 survivors (2048K)
 Metaspace       used 113498K, capacity 116377K, committed 116400K, reserved 1150976K
  class space    used 13875K, capacity 14970K, committed 14976K, reserved 1048576K
}
Event: 48.542 GC heap after
{Heap after GC invocations=34 (full 0):
 garbage-first heap   total 303104K, used 143810K [0x0000000080000000, 0x0000000100000000)
  region size 1024K, 8 young (8192K), 8 survivors (8192K)
 Metaspace       used 113498K, capacity 116377K, committed 116400K, reserved 1150976K
  class space    used 13875K, capacity 14970K, committed 14976K, reserved 1048576K
}
Event: 48.816 GC heap before
{Heap before GC invocations=35 (full 0):
 garbage-first heap   total 303104K, used 165314K [0x0000000080000000, 0x0000000100000000)
  region size 1024K, 28 young (28672K), 8 survivors (8192K)
 Metaspace       used 116509K, capacity 119467K, committed 119728K, reserved 1153024K
  class space    used 14298K, capacity 15397K, committed 15488K, reserved 1048576K
}
Event: 48.823 GC heap after
{Heap after GC invocations=36 (full 0):
 garbage-first heap   total 303104K, used 149816K [0x0000000080000000, 0x0000000100000000)
  region size 1024K, 11 young (11264K), 11 survivors (11264K)
 Metaspace       used 116509K, capacity 119467K, committed 119728K, reserved 1153024K
  class space    used 14298K, capacity 15397K, committed 15488K, reserved 1048576K
}
Event: 49.021 GC heap before
{Heap before GC invocations=37 (full 0):
 garbage-first heap   total 303104K, used 221496K [0x0000000080000000, 0x0000000100000000)
  region size 1024K, 59 young (60416K), 11 survivors (11264K)
 Metaspace       used 116748K, capacity 119702K, committed 119984K, reserved 1155072K
  class space    used 14321K, capacity 15432K, committed 15488K, reserved 1048576K
}
Event: 49.063 GC heap after
{Heap after GC invocations=38 (full 0):
 garbage-first heap   total 303104K, used 181999K [0x0000000080000000, 0x0000000100000000)
  region size 1024K, 11 young (11264K), 11 survivors (11264K)
 Metaspace       used 116748K, capacity 119702K, committed 119984K, reserved 1155072K
  class space    used 14321K, capacity 15432K, committed 15488K, reserved 1048576K
}
Event: 49.372 GC heap before
{Heap before GC invocations=39 (full 0):
 garbage-first heap   total 303104K, used 235247K [0x0000000080000000, 0x0000000100000000)
  region size 1024K, 61 young (62464K), 11 survivors (11264K)
 Metaspace       used 118946K, capacity 122072K, committed 122416K, reserved 1155072K
  class space    used 14841K, capacity 16010K, committed 16128K, reserved 1048576K
}
Event: 49.399 GC heap after
{Heap after GC invocations=40 (full 0):
 garbage-first heap   total 303104K, used 201407K [0x0000000080000000, 0x0000000100000000)
  region size 1024K, 8 young (8192K), 8 survivors (8192K)
 Metaspace       used 118946K, capacity 122072K, committed 122416K, reserved 1155072K
  class space    used 14841K, capacity 16010K, committed 16128K, reserved 1048576K
}
Event: 49.425 GC heap before
{Heap before GC invocations=40 (full 0):
 garbage-first heap   total 303104K, used 207551K [0x0000000080000000, 0x0000000100000000)
  region size 1024K, 14 young (14336K), 8 survivors (8192K)
 Metaspace       used 119067K, capacity 122147K, committed 122416K, reserved 1155072K
  class space    used 14842K, capacity 16010K, committed 16128K, reserved 1048576K
}
Event: 49.437 GC heap after
{Heap after GC invocations=41 (full 0):
 garbage-first heap   total 303104K, used 204800K [0x0000000080000000, 0x0000000100000000)
  region size 1024K, 2 young (2048K), 2 survivors (2048K)
 Metaspace       used 119067K, capacity 122147K, committed 122416K, reserved 1155072K
  class space    used 14842K, capacity 16010K, committed 16128K, reserved 1048576K
}
Event: 49.539 GC heap before
{Heap before GC invocations=41 (full 0):
 garbage-first heap   total 303104K, used 241664K [0x0000000080000000, 0x0000000100000000)
  region size 1024K, 38 young (38912K), 2 survivors (2048K)
 Metaspace       used 119139K, capacity 122216K, committed 122416K, reserved 1155072K
  class space    used 14842K, capacity 16010K, committed 16128K, reserved 1048576K
}
Event: 49.558 GC heap after
{Heap after GC invocations=42 (full 0):
 garbage-first heap   total 303104K, used 223898K [0x0000000080000000, 0x0000000100000000)
  region size 1024K, 5 young (5120K), 5 survivors (5120K)
 Metaspace       used 119139K, capacity 122216K, committed 122416K, reserved 1155072K
  class space    used 14842K, capacity 16010K, committed 16128K, reserved 1048576K
}
Event: 49.633 GC heap before
{Heap before GC invocations=42 (full 0):
 garbage-first heap   total 303104K, used 248474K [0x0000000080000000, 0x0000000100000000)
  region size 1024K, 29 young (29696K), 5 survivors (5120K)
 Metaspace       used 119160K, capacity 122283K, committed 122416K, reserved 1155072K
  class space    used 14842K, capacity 16010K, committed 16128K, reserved 1048576K
}

