# JRE version: OpenJDK Runtime Environment (11.0.13) (build 11.0.13+0-b1751.21-8125866)
# Java VM: OpenJDK 64-Bit Server VM (11.0.13+0-b1751.21-8125866, mixed mode, tiered, compressed oops, g1 gc, windows-amd64)
Heap:
 garbage-first heap   total 390144K, used 229888K [0x0000000080000000, 0x0000000100000000)
  region size 1024K, 4 young (4096K), 4 survivors (4096K)
 Metaspace       used 98692K, capacity 101229K, committed 101584K, reserved 1136640K
  class space    used 12849K, capacity 13847K, committed 13952K, reserved 1048576K
GC Heap History (20 events):
Event: 10.545 GC heap after
{Heap after GC invocations=15 (full 0):
 garbage-first heap   total 251904K, used 87916K [0x0000000080000000, 0x0000000100000000)
  region size 1024K, 14 young (14336K), 14 survivors (14336K)
 Metaspace       used 87390K, capacity 90022K, committed 90320K, reserved 1128448K
  class space    used 11332K, capacity 12319K, committed 12416K, reserved 1048576K
}
Event: 11.095 GC heap before
{Heap before GC invocations=15 (full 0):
 garbage-first heap   total 251904K, used 187244K [0x0000000080000000, 0x0000000100000000)
  region size 1024K, 112 young (114688K), 14 survivors (14336K)
 Metaspace       used 88612K, capacity 91142K, committed 91472K, reserved 1128448K
  class space    used 11442K, capacity 12430K, committed 12544K, reserved 1048576K
}
Event: 11.111 GC heap after
{Heap after GC invocations=16 (full 0):
 garbage-first heap   total 251904K, used 94852K [0x0000000080000000, 0x0000000100000000)
  region size 1024K, 14 young (14336K), 14 survivors (14336K)
 Metaspace       used 88612K, capacity 91142K, committed 91472K, reserved 1128448K
  class space    used 11442K, capacity 12430K, committed 12544K, reserved 1048576K
}
Event: 11.603 GC heap before
{Heap before GC invocations=16 (full 0):
 garbage-first heap   total 251904K, used 193156K [0x0000000080000000, 0x0000000100000000)
  region size 1024K, 111 young (113664K), 14 survivors (14336K)
 Metaspace       used 91404K, capacity 94006K, committed 94288K, reserved 1130496K
  class space    used 11771K, capacity 12753K, committed 12800K, reserved 1048576K
}
Event: 11.618 GC heap after
{Heap after GC invocations=17 (full 0):
 garbage-first heap   total 251904K, used 100189K [0x0000000080000000, 0x0000000100000000)
  region size 1024K, 12 young (12288K), 12 survivors (12288K)
 Metaspace       used 91404K, capacity 94006K, committed 94288K, reserved 1130496K
  class space    used 11771K, capacity 12753K, committed 12800K, reserved 1048576K
}
Event: 11.981 GC heap before
{Heap before GC invocations=17 (full 0):
 garbage-first heap   total 251904K, used 209757K [0x0000000080000000, 0x0000000100000000)
  region size 1024K, 108 young (110592K), 12 survivors (12288K)
 Metaspace       used 94146K, capacity 96766K, committed 96976K, reserved 1132544K
  class space    used 12100K, capacity 13090K, committed 13184K, reserved 1048576K
}
Event: 11.996 GC heap after
{Heap after GC invocations=18 (full 0):
 garbage-first heap   total 251904K, used 124928K [0x0000000080000000, 0x0000000100000000)
  region size 1024K, 14 young (14336K), 14 survivors (14336K)
 Metaspace       used 94146K, capacity 96766K, committed 96976K, reserved 1132544K
  class space    used 12100K, capacity 13090K, committed 13184K, reserved 1048576K
}
Event: 12.121 GC heap before
{Heap before GC invocations=18 (full 0):
 garbage-first heap   total 251904K, used 138240K [0x0000000080000000, 0x0000000100000000)
  region size 1024K, 27 young (27648K), 14 survivors (14336K)
 Metaspace       used 96576K, capacity 99258K, committed 99408K, reserved 1134592K
  class space    used 12443K, capacity 13479K, committed 13568K, reserved 1048576K
}
Event: 12.130 GC heap after
{Heap after GC invocations=19 (full 0):
 garbage-first heap   total 251904K, used 131266K [0x0000000080000000, 0x0000000100000000)
  region size 1024K, 4 young (4096K), 4 survivors (4096K)
 Metaspace       used 96576K, capacity 99258K, committed 99408K, reserved 1134592K
  class space    used 12443K, capacity 13479K, committed 13568K, reserved 1048576K
}
Event: 12.308 GC heap before
{Heap before GC invocations=20 (full 0):
 garbage-first heap   total 251904K, used 198850K [0x0000000080000000, 0x0000000100000000)
  region size 1024K, 49 young (50176K), 4 survivors (4096K)
 Metaspace       used 96389K, capacity 98763K, committed 99664K, reserved 1136640K
  class space    used 12332K, capacity 13243K, committed 13568K, reserved 1048576K
}
Event: 12.325 GC heap after
{Heap after GC invocations=21 (full 0):
 garbage-first heap   total 251904K, used 160563K [0x0000000080000000, 0x0000000100000000)
  region size 1024K, 7 young (7168K), 7 survivors (7168K)
 Metaspace       used 96389K, capacity 98763K, committed 99664K, reserved 1136640K
  class space    used 12332K, capacity 13243K, committed 13568K, reserved 1048576K
}
Event: 12.335 GC heap before
{Heap before GC invocations=21 (full 0):
 garbage-first heap   total 251904K, used 162611K [0x0000000080000000, 0x0000000100000000)
  region size 1024K, 10 young (10240K), 7 survivors (7168K)
 Metaspace       used 96389K, capacity 98763K, committed 99664K, reserved 1136640K
  class space    used 12332K, capacity 13243K, committed 13568K, reserved 1048576K
}
Event: 12.347 GC heap after
{Heap after GC invocations=22 (full 0):
 garbage-first heap   total 303104K, used 163119K [0x0000000080000000, 0x0000000100000000)
  region size 1024K, 2 young (2048K), 2 survivors (2048K)
 Metaspace       used 96389K, capacity 98763K, committed 99664K, reserved 1136640K
  class space    used 12332K, capacity 13243K, committed 13568K, reserved 1048576K
}
Event: 12.625 GC heap before
{Heap before GC invocations=23 (full 0):
 garbage-first heap   total 303104K, used 207151K [0x0000000080000000, 0x0000000100000000)
  region size 1024K, 44 young (45056K), 2 survivors (2048K)
 Metaspace       used 98281K, capacity 100843K, committed 101328K, reserved 1136640K
  class space    used 12823K, capacity 13809K, committed 13952K, reserved 1048576K
}
Event: 12.645 GC heap after
{Heap after GC invocations=24 (full 0):
 garbage-first heap   total 303104K, used 179328K [0x0000000080000000, 0x0000000100000000)
  region size 1024K, 6 young (6144K), 6 survivors (6144K)
 Metaspace       used 98281K, capacity 100843K, committed 101328K, reserved 1136640K
  class space    used 12823K, capacity 13809K, committed 13952K, reserved 1048576K
}
Event: 12.762 GC heap before
{Heap before GC invocations=24 (full 0):
 garbage-first heap   total 303104K, used 217216K [0x0000000080000000, 0x0000000100000000)
  region size 1024K, 44 young (45056K), 6 survivors (6144K)
 Metaspace       used 98654K, capacity 101226K, committed 101584K, reserved 1136640K
  class space    used 12848K, capacity 13847K, committed 13952K, reserved 1048576K
}
Event: 12.786 GC heap after
{Heap after GC invocations=25 (full 0):
 garbage-first heap   total 303104K, used 198911K [0x0000000080000000, 0x0000000100000000)
  region size 1024K, 6 young (6144K), 6 survivors (6144K)
 Metaspace       used 98654K, capacity 101226K, committed 101584K, reserved 1136640K
  class space    used 12848K, capacity 13847K, committed 13952K, reserved 1048576K
}
Event: 12.863 GC heap before
{Heap before GC invocations=25 (full 0):
 garbage-first heap   total 303104K, used 230655K [0x0000000080000000, 0x0000000100000000)
  region size 1024K, 37 young (37888K), 6 survivors (6144K)
 Metaspace       used 98686K, capacity 101229K, committed 101584K, reserved 1136640K
  class space    used 12849K, capacity 13847K, committed 13952K, reserved 1048576K
}
Event: 12.881 GC heap after
{Heap after GC invocations=26 (full 0):
 garbage-first heap   total 303104K, used 215552K [0x0000000080000000, 0x0000000100000000)
  region size 1024K, 5 young (5120K), 5 survivors (5120K)
 Metaspace       used 98686K, capacity 101229K, committed 101584K, reserved 1136640K
  class space    used 12849K, capacity 13847K, committed 13952K, reserved 1048576K
}
Event: 12.918 GC heap before
{Heap before GC invocations=26 (full 0):
 garbage-first heap   total 303104K, used 239104K [0x0000000080000000, 0x0000000100000000)
  region size 1024K, 29 young (29696K), 5 survivors (5120K)
 Metaspace       used 98692K, capacity 101229K, committed 101584K, reserved 1136640K
  class space    used 12849K, capacity 13847K, committed 13952K, reserved 1048576K
}

