# JRE version: OpenJDK Runtime Environment (11.0.13) (build 11.0.13+0-b1751.21-8125866)
# Java VM: OpenJDK 64-Bit Server VM (11.0.13+0-b1751.21-8125866, mixed mode, tiered, compressed oops, g1 gc, windows-amd64)
Heap:
 garbage-first heap   total 303104K, used 245589K [0x0000000080000000, 0x0000000100000000)
  region size 1024K, 9 young (9216K), 3 survivors (3072K)
 Metaspace       used 117053K, capacity 120940K, committed 120988K, reserved 1155072K
  class space    used 14777K, capacity 16192K, committed 16204K, reserved 1048576K
GC Heap History (20 events):
Event: 377.972 GC heap before
{Heap before GC invocations=45 (full 0):
 garbage-first heap   total 303104K, used 259039K [0x0000000080000000, 0x0000000100000000)
  region size 1024K, 47 young (48128K), 7 survivors (7168K)
 Metaspace       used 114291K, capacity 118083K, committed 118300K, reserved 1153024K
  class space    used 14434K, capacity 15804K, committed 15820K, reserved 1048576K
}
Event: 377.983 GC heap after
{Heap after GC invocations=46 (full 0):
 garbage-first heap   total 303104K, used 219421K [0x0000000080000000, 0x0000000100000000)
  region size 1024K, 3 young (3072K), 3 survivors (3072K)
 Metaspace       used 114291K, capacity 118083K, committed 118300K, reserved 1153024K
  class space    used 14434K, capacity 15804K, committed 15820K, reserved 1048576K
}
Event: 920.472 GC heap before
{Heap before GC invocations=46 (full 0):
 garbage-first heap   total 303104K, used 260381K [0x0000000080000000, 0x0000000100000000)
  region size 1024K, 44 young (45056K), 3 survivors (3072K)
 Metaspace       used 114455K, capacity 118282K, committed 118300K, reserved 1153024K
  class space    used 14442K, capacity 15817K, committed 15820K, reserved 1048576K
}
Event: 920.477 GC heap after
{Heap after GC invocations=47 (full 0):
 garbage-first heap   total 303104K, used 222207K [0x0000000080000000, 0x0000000100000000)
  region size 1024K, 6 young (6144K), 6 survivors (6144K)
 Metaspace       used 114455K, capacity 118282K, committed 118300K, reserved 1153024K
  class space    used 14442K, capacity 15817K, committed 15820K, reserved 1048576K
}
Event: 920.718 GC heap before
{Heap before GC invocations=47 (full 0):
 garbage-first heap   total 303104K, used 260095K [0x0000000080000000, 0x0000000100000000)
  region size 1024K, 44 young (45056K), 6 survivors (6144K)
 Metaspace       used 114615K, capacity 118371K, committed 118684K, reserved 1153024K
  class space    used 14445K, capacity 15821K, committed 15948K, reserved 1048576K
}
Event: 920.729 GC heap after
{Heap after GC invocations=48 (full 0):
 garbage-first heap   total 303104K, used 226922K [0x0000000080000000, 0x0000000100000000)
  region size 1024K, 6 young (6144K), 6 survivors (6144K)
 Metaspace       used 114615K, capacity 118371K, committed 118684K, reserved 1153024K
  class space    used 14445K, capacity 15821K, committed 15948K, reserved 1048576K
}
Event: 921.042 GC heap before
{Heap before GC invocations=48 (full 0):
 garbage-first heap   total 303104K, used 260714K [0x0000000080000000, 0x0000000100000000)
  region size 1024K, 40 young (40960K), 6 survivors (6144K)
 Metaspace       used 115048K, capacity 118918K, committed 119068K, reserved 1153024K
  class space    used 14515K, capacity 15938K, committed 16076K, reserved 1048576K
}
Event: 921.048 GC heap after
{Heap after GC invocations=49 (full 0):
 garbage-first heap   total 303104K, used 229622K [0x0000000080000000, 0x0000000100000000)
  region size 1024K, 3 young (3072K), 3 survivors (3072K)
 Metaspace       used 115048K, capacity 118918K, committed 119068K, reserved 1153024K
  class space    used 14515K, capacity 15938K, committed 16076K, reserved 1048576K
}
Event: 921.367 GC heap before
{Heap before GC invocations=49 (full 0):
 garbage-first heap   total 303104K, used 262390K [0x0000000080000000, 0x0000000100000000)
  region size 1024K, 36 young (36864K), 3 survivors (3072K)
 Metaspace       used 116105K, capacity 120004K, committed 120092K, reserved 1153024K
  class space    used 14672K, capacity 16072K, committed 16076K, reserved 1048576K
}
Event: 921.373 GC heap after
{Heap after GC invocations=50 (full 0):
 garbage-first heap   total 303104K, used 230448K [0x0000000080000000, 0x0000000100000000)
  region size 1024K, 4 young (4096K), 4 survivors (4096K)
 Metaspace       used 116105K, capacity 120004K, committed 120092K, reserved 1153024K
  class space    used 14672K, capacity 16072K, committed 16076K, reserved 1048576K
}
Event: 926.593 GC heap before
{Heap before GC invocations=50 (full 0):
 garbage-first heap   total 303104K, used 263216K [0x0000000080000000, 0x0000000100000000)
  region size 1024K, 37 young (37888K), 4 survivors (4096K)
 Metaspace       used 116712K, capacity 120661K, committed 120732K, reserved 1155072K
  class space    used 14748K, capacity 16139K, committed 16204K, reserved 1048576K
}
Event: 926.600 GC heap after
{Heap after GC invocations=51 (full 0):
 garbage-first heap   total 303104K, used 232383K [0x0000000080000000, 0x0000000100000000)
  region size 1024K, 4 young (4096K), 4 survivors (4096K)
 Metaspace       used 116712K, capacity 120661K, committed 120732K, reserved 1155072K
  class space    used 14748K, capacity 16139K, committed 16204K, reserved 1048576K
}
Event: 926.815 GC heap before
{Heap before GC invocations=51 (full 0):
 garbage-first heap   total 303104K, used 263103K [0x0000000080000000, 0x0000000100000000)
  region size 1024K, 35 young (35840K), 4 survivors (4096K)
 Metaspace       used 116869K, capacity 120803K, committed 120988K, reserved 1155072K
  class space    used 14768K, capacity 16175K, committed 16204K, reserved 1048576K
}
Event: 926.827 GC heap after
{Heap after GC invocations=52 (full 0):
 garbage-first heap   total 303104K, used 236349K [0x0000000080000000, 0x0000000100000000)
  region size 1024K, 5 young (5120K), 5 survivors (5120K)
 Metaspace       used 116869K, capacity 120803K, committed 120988K, reserved 1155072K
  class space    used 14768K, capacity 16175K, committed 16204K, reserved 1048576K
}
Event: 927.098 GC heap before
{Heap before GC invocations=52 (full 0):
 garbage-first heap   total 303104K, used 263997K [0x0000000080000000, 0x0000000100000000)
  region size 1024K, 32 young (32768K), 5 survivors (5120K)
 Metaspace       used 116952K, capacity 120910K, committed 120988K, reserved 1155072K
  class space    used 14773K, capacity 16185K, committed 16204K, reserved 1048576K
}
Event: 927.107 GC heap after
{Heap after GC invocations=53 (full 0):
 garbage-first heap   total 303104K, used 239350K [0x0000000080000000, 0x0000000100000000)
  region size 1024K, 3 young (3072K), 3 survivors (3072K)
 Metaspace       used 116952K, capacity 120910K, committed 120988K, reserved 1155072K
  class space    used 14773K, capacity 16185K, committed 16204K, reserved 1048576K
}
Event: 927.315 GC heap before
{Heap before GC invocations=53 (full 0):
 garbage-first heap   total 303104K, used 263926K [0x0000000080000000, 0x0000000100000000)
  region size 1024K, 28 young (28672K), 3 survivors (3072K)
 Metaspace       used 116995K, capacity 120910K, committed 120988K, reserved 1155072K
  class space    used 14773K, capacity 16185K, committed 16204K, reserved 1048576K
}
Event: 927.326 GC heap after
{Heap after GC invocations=54 (full 0):
 garbage-first heap   total 303104K, used 240892K [0x0000000080000000, 0x0000000100000000)
  region size 1024K, 2 young (2048K), 2 survivors (2048K)
 Metaspace       used 116995K, capacity 120910K, committed 120988K, reserved 1155072K
  class space    used 14773K, capacity 16185K, committed 16204K, reserved 1048576K
}
Event: 927.553 GC heap before
{Heap before GC invocations=54 (full 0):
 garbage-first heap   total 303104K, used 264444K [0x0000000080000000, 0x0000000100000000)
  region size 1024K, 26 young (26624K), 2 survivors (2048K)
 Metaspace       used 117032K, capacity 120934K, committed 120988K, reserved 1155072K
  class space    used 14777K, capacity 16191K, committed 16204K, reserved 1048576K
}
Event: 927.558 GC heap after
{Heap after GC invocations=55 (full 0):
 garbage-first heap   total 303104K, used 241493K [0x0000000080000000, 0x0000000100000000)
  region size 1024K, 3 young (3072K), 3 survivors (3072K)
 Metaspace       used 117032K, capacity 120934K, committed 120988K, reserved 1155072K
  class space    used 14777K, capacity 16191K, committed 16204K, reserved 1048576K
}

