# JRE version: OpenJDK Runtime Environment (11.0.13) (build 11.0.13+0-b1751.21-8125866)
# Java VM: OpenJDK 64-Bit Server VM (11.0.13+0-b1751.21-8125866, mixed mode, tiered, compressed oops, g1 gc, windows-amd64)
Heap:
 garbage-first heap   total 384000K, used 30781K [0x000000070a200000, 0x0000000800000000)
  region size 1024K, 9 young (9216K), 9 survivors (9216K)
 Metaspace       used 47182K, capacity 47752K, committed 47952K, reserved 1091584K
  class space    used 5535K, capacity 5768K, committed 5888K, reserved 1048576K
GC Heap History (9 events):
Event: 1.216 GC heap before
{Heap before GC invocations=0 (full 0):
 garbage-first heap   total 251904K, used 25600K [0x000000070a200000, 0x0000000800000000)
  region size 1024K, 22 young (22528K), 0 survivors (0K)
 Metaspace       used 11683K, capacity 11762K, committed 11904K, reserved 1060864K
  class space    used 1068K, capacity 1109K, committed 1152K, reserved 1048576K
}
Event: 1.318 GC heap after
{Heap after GC invocations=1 (full 0):
 garbage-first heap   total 251904K, used 5631K [0x000000070a200000, 0x0000000800000000)
  region size 1024K, 3 young (3072K), 3 survivors (3072K)
 Metaspace       used 11683K, capacity 11762K, committed 11904K, reserved 1060864K
  class space    used 1068K, capacity 1109K, committed 1152K, reserved 1048576K
}
Event: 2.281 GC heap before
{Heap before GC invocations=1 (full 0):
 garbage-first heap   total 251904K, used 43519K [0x000000070a200000, 0x0000000800000000)
  region size 1024K, 41 young (41984K), 3 survivors (3072K)
 Metaspace       used 20848K, capacity 21142K, committed 21296K, reserved 1069056K
  class space    used 2240K, capacity 2347K, committed 2432K, reserved 1048576K
}
Event: 2.293 GC heap after
{Heap after GC invocations=2 (full 0):
 garbage-first heap   total 251904K, used 9271K [0x000000070a200000, 0x0000000800000000)
  region size 1024K, 7 young (7168K), 7 survivors (7168K)
 Metaspace       used 20848K, capacity 21142K, committed 21296K, reserved 1069056K
  class space    used 2240K, capacity 2347K, committed 2432K, reserved 1048576K
}
Event: 3.089 GC heap before
{Heap before GC invocations=3 (full 0):
 garbage-first heap   total 251904K, used 66615K [0x000000070a200000, 0x0000000800000000)
  region size 1024K, 58 young (59392K), 7 survivors (7168K)
 Metaspace       used 32152K, capacity 32617K, committed 32944K, reserved 1079296K
  class space    used 3794K, capacity 3973K, committed 4096K, reserved 1048576K
}
Event: 3.098 GC heap after
{Heap after GC invocations=4 (full 0):
 garbage-first heap   total 251904K, used 21432K [0x000000070a200000, 0x0000000800000000)
  region size 1024K, 8 young (8192K), 8 survivors (8192K)
 Metaspace       used 32152K, capacity 32617K, committed 32944K, reserved 1079296K
  class space    used 3794K, capacity 3973K, committed 4096K, reserved 1048576K
}
Event: 3.267 GC heap before
{Heap before GC invocations=4 (full 0):
 garbage-first heap   total 251904K, used 31672K [0x000000070a200000, 0x0000000800000000)
  region size 1024K, 19 young (19456K), 8 survivors (8192K)
 Metaspace       used 35190K, capacity 35694K, committed 35920K, reserved 1081344K
  class space    used 4349K, capacity 4551K, committed 4608K, reserved 1048576K
}
Event: 3.279 GC heap after
{Heap after GC invocations=5 (full 0):
 garbage-first heap   total 251904K, used 22722K [0x000000070a200000, 0x0000000800000000)
  region size 1024K, 1 young (1024K), 1 survivors (1024K)
 Metaspace       used 35190K, capacity 35694K, committed 35920K, reserved 1081344K
  class space    used 4349K, capacity 4551K, committed 4608K, reserved 1048576K
}
Event: 4.318 GC heap before
{Heap before GC invocations=6 (full 0):
 garbage-first heap   total 251904K, used 91330K [0x000000070a200000, 0x0000000800000000)
  region size 1024K, 67 young (68608K), 1 survivors (1024K)
 Metaspace       used 47182K, capacity 47752K, committed 47952K, reserved 1091584K
  class space    used 5535K, capacity 5768K, committed 5888K, reserved 1048576K
}

